E:\VASJA\DOCS_VASJA\VISUAL STUDIO 2010\CURRENTPROJECTS\MULTISET\DEBUG\MULTISETDLL.DLL
E:\VASJA\DOCS_VASJA\Visual Studio 2010\CurrentProjects\Multiset\Debug\MultisetDLL.exp
E:\VASJA\DOCS_VASJA\VISUAL STUDIO 2010\CURRENTPROJECTS\MULTISET\DEBUG\MULTISETDLL.ILK
E:\VASJA\DOCS_VASJA\Visual Studio 2010\CurrentProjects\Multiset\Debug\MultisetDLL.lib
E:\VASJA\DOCS_VASJA\VISUAL STUDIO 2010\CURRENTPROJECTS\MULTISET\DEBUG\MULTISETDLL.PDB
E:\VASJA\DOCS_VASJA\Visual Studio 2010\CurrentProjects\Multiset\MultisetDLL\Debug\cl.command.1.tlog
E:\VASJA\DOCS_VASJA\Visual Studio 2010\CurrentProjects\Multiset\MultisetDLL\Debug\CL.read.1.tlog
E:\VASJA\DOCS_VASJA\Visual Studio 2010\CurrentProjects\Multiset\MultisetDLL\Debug\CL.write.1.tlog
E:\VASJA\DOCS_VASJA\Visual Studio 2010\CurrentProjects\Multiset\MultisetDLL\Debug\link.3092.read.1.tlog
E:\VASJA\DOCS_VASJA\Visual Studio 2010\CurrentProjects\Multiset\MultisetDLL\Debug\link.3092.write.1.tlog
E:\VASJA\DOCS_VASJA\Visual Studio 2010\CurrentProjects\Multiset\MultisetDLL\Debug\link.3092-cvtres.read.1.tlog
E:\VASJA\DOCS_VASJA\Visual Studio 2010\CurrentProjects\Multiset\MultisetDLL\Debug\link.3092-cvtres.write.1.tlog
E:\VASJA\DOCS_VASJA\Visual Studio 2010\CurrentProjects\Multiset\MultisetDLL\Debug\link.4124.read.1.tlog
E:\VASJA\DOCS_VASJA\Visual Studio 2010\CurrentProjects\Multiset\MultisetDLL\Debug\link.4124.write.1.tlog
E:\VASJA\DOCS_VASJA\Visual Studio 2010\CurrentProjects\Multiset\MultisetDLL\Debug\link.4124-cvtres.read.1.tlog
E:\VASJA\DOCS_VASJA\Visual Studio 2010\CurrentProjects\Multiset\MultisetDLL\Debug\link.4124-cvtres.write.1.tlog
E:\VASJA\DOCS_VASJA\Visual Studio 2010\CurrentProjects\Multiset\MultisetDLL\Debug\link.4688.read.1.tlog
E:\VASJA\DOCS_VASJA\Visual Studio 2010\CurrentProjects\Multiset\MultisetDLL\Debug\link.4688.write.1.tlog
E:\VASJA\DOCS_VASJA\Visual Studio 2010\CurrentProjects\Multiset\MultisetDLL\Debug\link.4688-cvtres.read.1.tlog
E:\VASJA\DOCS_VASJA\Visual Studio 2010\CurrentProjects\Multiset\MultisetDLL\Debug\link.4688-cvtres.write.1.tlog
E:\VASJA\DOCS_VASJA\Visual Studio 2010\CurrentProjects\Multiset\MultisetDLL\Debug\link.command.1.tlog
E:\VASJA\DOCS_VASJA\Visual Studio 2010\CurrentProjects\Multiset\MultisetDLL\Debug\link.read.1.tlog
E:\VASJA\DOCS_VASJA\Visual Studio 2010\CurrentProjects\Multiset\MultisetDLL\Debug\link.write.1.tlog
E:\VASJA\DOCS_VASJA\Visual Studio 2010\CurrentProjects\Multiset\MultisetDLL\Debug\link-cvtres.read.1.tlog
E:\VASJA\DOCS_VASJA\Visual Studio 2010\CurrentProjects\Multiset\MultisetDLL\Debug\link-cvtres.write.1.tlog
E:\VASJA\DOCS_VASJA\Visual Studio 2010\CurrentProjects\Multiset\MultisetDLL\Debug\mt.command.1.tlog
E:\VASJA\DOCS_VASJA\Visual Studio 2010\CurrentProjects\Multiset\MultisetDLL\Debug\mt.read.1.tlog
E:\VASJA\DOCS_VASJA\Visual Studio 2010\CurrentProjects\Multiset\MultisetDLL\Debug\mt.write.1.tlog
E:\VASJA\DOCS_VASJA\VISUAL STUDIO 2010\CURRENTPROJECTS\MULTISET\MULTISETDLL\DEBUG\MULTISETDLL.DLL.EMBED.MANIFEST
E:\VASJA\DOCS_VASJA\VISUAL STUDIO 2010\CURRENTPROJECTS\MULTISET\MULTISETDLL\DEBUG\MULTISETDLL.DLL.EMBED.MANIFEST.RES
E:\VASJA\DOCS_VASJA\VISUAL STUDIO 2010\CURRENTPROJECTS\MULTISET\MULTISETDLL\DEBUG\MULTISETDLL.DLL.INTERMEDIATE.MANIFEST
E:\VASJA\DOCS_VASJA\VISUAL STUDIO 2010\CURRENTPROJECTS\MULTISET\MULTISETDLL\DEBUG\MULTISETDLL.OBJ
E:\VASJA\DOCS_VASJA\Visual Studio 2010\CurrentProjects\Multiset\MultisetDLL\Debug\MultisetDLL.write.1.tlog
E:\VASJA\DOCS_VASJA\Visual Studio 2010\CurrentProjects\Multiset\MultisetDLL\Debug\MultisetDLL_manifest.rc
E:\VASJA\DOCS_VASJA\Visual Studio 2010\CurrentProjects\Multiset\MultisetDLL\Debug\rc.command.1.tlog
E:\VASJA\DOCS_VASJA\Visual Studio 2010\CurrentProjects\Multiset\MultisetDLL\Debug\rc.read.1.tlog
E:\VASJA\DOCS_VASJA\Visual Studio 2010\CurrentProjects\Multiset\MultisetDLL\Debug\rc.write.1.tlog
E:\VASJA\DOCS_VASJA\Visual Studio 2010\CurrentProjects\Multiset\MultisetDLL\Debug\vc100.idb
E:\VASJA\DOCS_VASJA\VISUAL STUDIO 2010\CURRENTPROJECTS\MULTISET\MULTISETDLL\DEBUG\VC100.PDB
