Build started 04.03.2012 22:41:18.
     1>Project "I:\Studing\Campe\DLL\Multiset\Tasks\Tasks.vcxproj" on node 3 (build target(s)).
     1>InitializeBuildStatus:
         Creating "Debug\Tasks.unsuccessfulbuild" because "AlwaysCreate" was specified.
       ClCompile:
         All outputs are up-to-date.
       ManifestResourceCompile:
         All outputs are up-to-date.
       Link:
         C:\Program Files (x86)\Microsoft Visual Studio 10.0\VC\bin\link.exe /ERRORREPORT:PROMPT /OUT:"I:\Studing\Campe\DLL\Multiset\Debug\Tasks.exe" /INCREMENTAL /NOLOGO kernel32.lib user32.lib gdi32.lib winspool.lib comdlg32.lib advapi32.lib shell32.lib ole32.lib oleaut32.lib uuid.lib odbc32.lib odbccp32.lib /MANIFEST /ManifestFile:"Debug\Tasks.exe.intermediate.manifest" /MANIFESTUAC:"level='asInvoker' uiAccess='false'" /DEBUG /PDB:"I:\Studing\Campe\DLL\Multiset\Debug\Tasks.pdb" /SUBSYSTEM:CONSOLE /TLBID:1 /DYNAMICBASE /NXCOMPAT /IMPLIB:"I:\Studing\Campe\DLL\Multiset\Debug\Tasks.lib" /MACHINE:X86 Debug\Tasks.exe.embed.manifest.res
         Debug\Tasks.obj
         I:\Studing\Campe\DLL\Multiset\Debug\MultisetDLL.lib
       Manifest:
         C:\Program Files (x86)\Microsoft SDKs\Windows\v7.0A\bin\mt.exe /nologo /verbose /out:"Debug\Tasks.exe.embed.manifest" /manifest Debug\Tasks.exe.intermediate.manifest
         All outputs are up-to-date.
       LinkEmbedManifest:
         All outputs are up-to-date.
         Tasks.vcxproj -> I:\Studing\Campe\DLL\Multiset\Debug\Tasks.exe
       FinalizeBuildStatus:
         Deleting file "Debug\Tasks.unsuccessfulbuild".
         Touching "Debug\Tasks.lastbuildstate".
     1>Done Building Project "I:\Studing\Campe\DLL\Multiset\Tasks\Tasks.vcxproj" (build target(s)).

Build succeeded.

Time Elapsed 00:00:10.64
