E:\VASJA\DOCS_VASJA\VISUAL STUDIO 2010\CURRENTPROJECTS\MULTISET\DEBUG\TASKS.EXE
E:\VASJA\DOCS_VASJA\VISUAL STUDIO 2010\CURRENTPROJECTS\MULTISET\DEBUG\TASKS.ILK
E:\VASJA\DOCS_VASJA\VISUAL STUDIO 2010\CURRENTPROJECTS\MULTISET\DEBUG\TASKS.PDB
E:\VASJA\DOCS_VASJA\Visual Studio 2010\CurrentProjects\Multiset\Tasks\Debug\cl.command.1.tlog
E:\VASJA\DOCS_VASJA\Visual Studio 2010\CurrentProjects\Multiset\Tasks\Debug\CL.read.1.tlog
E:\VASJA\DOCS_VASJA\Visual Studio 2010\CurrentProjects\Multiset\Tasks\Debug\CL.write.1.tlog
E:\VASJA\DOCS_VASJA\Visual Studio 2010\CurrentProjects\Multiset\Tasks\Debug\link.1772.read.1.tlog
E:\VASJA\DOCS_VASJA\Visual Studio 2010\CurrentProjects\Multiset\Tasks\Debug\link.1772.write.1.tlog
E:\VASJA\DOCS_VASJA\Visual Studio 2010\CurrentProjects\Multiset\Tasks\Debug\link.1772-cvtres.read.1.tlog
E:\VASJA\DOCS_VASJA\Visual Studio 2010\CurrentProjects\Multiset\Tasks\Debug\link.1772-cvtres.write.1.tlog
E:\VASJA\DOCS_VASJA\Visual Studio 2010\CurrentProjects\Multiset\Tasks\Debug\link.4644.read.1.tlog
E:\VASJA\DOCS_VASJA\Visual Studio 2010\CurrentProjects\Multiset\Tasks\Debug\link.4644.write.1.tlog
E:\VASJA\DOCS_VASJA\Visual Studio 2010\CurrentProjects\Multiset\Tasks\Debug\link.4644-cvtres.read.1.tlog
E:\VASJA\DOCS_VASJA\Visual Studio 2010\CurrentProjects\Multiset\Tasks\Debug\link.4644-cvtres.write.1.tlog
E:\VASJA\DOCS_VASJA\Visual Studio 2010\CurrentProjects\Multiset\Tasks\Debug\link.4728.read.1.tlog
E:\VASJA\DOCS_VASJA\Visual Studio 2010\CurrentProjects\Multiset\Tasks\Debug\link.4728.write.1.tlog
E:\VASJA\DOCS_VASJA\Visual Studio 2010\CurrentProjects\Multiset\Tasks\Debug\link.4728-cvtres.read.1.tlog
E:\VASJA\DOCS_VASJA\Visual Studio 2010\CurrentProjects\Multiset\Tasks\Debug\link.4728-cvtres.write.1.tlog
E:\VASJA\DOCS_VASJA\Visual Studio 2010\CurrentProjects\Multiset\Tasks\Debug\link.4984.read.1.tlog
E:\VASJA\DOCS_VASJA\Visual Studio 2010\CurrentProjects\Multiset\Tasks\Debug\link.4984.write.1.tlog
E:\VASJA\DOCS_VASJA\Visual Studio 2010\CurrentProjects\Multiset\Tasks\Debug\link.4984-cvtres.read.1.tlog
E:\VASJA\DOCS_VASJA\Visual Studio 2010\CurrentProjects\Multiset\Tasks\Debug\link.4984-cvtres.write.1.tlog
E:\VASJA\DOCS_VASJA\Visual Studio 2010\CurrentProjects\Multiset\Tasks\Debug\link.command.1.tlog
E:\VASJA\DOCS_VASJA\Visual Studio 2010\CurrentProjects\Multiset\Tasks\Debug\link.read.1.tlog
E:\VASJA\DOCS_VASJA\Visual Studio 2010\CurrentProjects\Multiset\Tasks\Debug\link.write.1.tlog
E:\VASJA\DOCS_VASJA\Visual Studio 2010\CurrentProjects\Multiset\Tasks\Debug\link-cvtres.read.1.tlog
E:\VASJA\DOCS_VASJA\Visual Studio 2010\CurrentProjects\Multiset\Tasks\Debug\link-cvtres.write.1.tlog
E:\VASJA\DOCS_VASJA\Visual Studio 2010\CurrentProjects\Multiset\Tasks\Debug\mt.command.1.tlog
E:\VASJA\DOCS_VASJA\Visual Studio 2010\CurrentProjects\Multiset\Tasks\Debug\mt.read.1.tlog
E:\VASJA\DOCS_VASJA\Visual Studio 2010\CurrentProjects\Multiset\Tasks\Debug\mt.write.1.tlog
E:\VASJA\DOCS_VASJA\Visual Studio 2010\CurrentProjects\Multiset\Tasks\Debug\rc.command.1.tlog
E:\VASJA\DOCS_VASJA\Visual Studio 2010\CurrentProjects\Multiset\Tasks\Debug\rc.read.1.tlog
E:\VASJA\DOCS_VASJA\Visual Studio 2010\CurrentProjects\Multiset\Tasks\Debug\rc.write.1.tlog
E:\VASJA\DOCS_VASJA\Visual Studio 2010\CurrentProjects\Multiset\Tasks\Debug\ResolveAssemblyReference.cache
E:\VASJA\DOCS_VASJA\VISUAL STUDIO 2010\CURRENTPROJECTS\MULTISET\TASKS\DEBUG\TASKS.EXE.EMBED.MANIFEST
E:\VASJA\DOCS_VASJA\VISUAL STUDIO 2010\CURRENTPROJECTS\MULTISET\TASKS\DEBUG\TASKS.EXE.EMBED.MANIFEST.RES
E:\VASJA\DOCS_VASJA\VISUAL STUDIO 2010\CURRENTPROJECTS\MULTISET\TASKS\DEBUG\TASKS.EXE.INTERMEDIATE.MANIFEST
E:\VASJA\DOCS_VASJA\VISUAL STUDIO 2010\CURRENTPROJECTS\MULTISET\TASKS\DEBUG\TASKS.OBJ
E:\VASJA\DOCS_VASJA\Visual Studio 2010\CurrentProjects\Multiset\Tasks\Debug\Tasks.write.1.tlog
E:\VASJA\DOCS_VASJA\Visual Studio 2010\CurrentProjects\Multiset\Tasks\Debug\Tasks_manifest.rc
E:\VASJA\DOCS_VASJA\Visual Studio 2010\CurrentProjects\Multiset\Tasks\Debug\vc100.idb
E:\VASJA\DOCS_VASJA\VISUAL STUDIO 2010\CURRENTPROJECTS\MULTISET\TASKS\DEBUG\VC100.PDB
